-------------------------------------------------------------------------------
Test set: JocTest
-------------------------------------------------------------------------------
Tests run: 38, Failures: 16, Errors: 0, Skipped: 0, Time elapsed: 0.179 s <<< FAILURE! - in JocTest
testJugadaGuanyadoraJ1{short, short}[1]  Time elapsed: 0.028 s  <<< FAILURE!
org.opentest4j.AssertionFailedError: expected: <true> but was: <false>
	at JocTest.testJugadaGuanyadoraJ1(JocTest.java:158)

testJugadaGuanyadoraJ1{short, short}[2]  Time elapsed: 0.001 s  <<< FAILURE!
org.opentest4j.AssertionFailedError: expected: <true> but was: <false>
	at JocTest.testJugadaGuanyadoraJ1(JocTest.java:158)

testJugadaGuanyadoraJ1{short, short}[3]  Time elapsed: 0.002 s  <<< FAILURE!
org.opentest4j.AssertionFailedError: expected: <true> but was: <false>
	at JocTest.testJugadaGuanyadoraJ1(JocTest.java:158)

testJugadaGuanyadoraJ1{short, short}[4]  Time elapsed: 0.001 s  <<< FAILURE!
org.opentest4j.AssertionFailedError: expected: <true> but was: <false>
	at JocTest.testJugadaGuanyadoraJ1(JocTest.java:158)

testJugadaGuanyadoraJ1{short, short}[5]  Time elapsed: 0.001 s  <<< FAILURE!
org.opentest4j.AssertionFailedError: expected: <true> but was: <false>
	at JocTest.testJugadaGuanyadoraJ1(JocTest.java:158)

testJugadaGuanyadoraJ1{short, short}[6]  Time elapsed: 0.001 s  <<< FAILURE!
org.opentest4j.AssertionFailedError: expected: <true> but was: <false>
	at JocTest.testJugadaGuanyadoraJ1(JocTest.java:158)

testJugadaGuanyadoraJ1{short, short}[7]  Time elapsed: 0.002 s  <<< FAILURE!
org.opentest4j.AssertionFailedError: expected: <true> but was: <false>
	at JocTest.testJugadaGuanyadoraJ1(JocTest.java:158)

testJugadaGuanyadoraJ1{short, short}[8]  Time elapsed: 0 s  <<< FAILURE!
org.opentest4j.AssertionFailedError: expected: <true> but was: <false>
	at JocTest.testJugadaGuanyadoraJ1(JocTest.java:158)

testJugadaGuanyadoraJ2{short, short}[1]  Time elapsed: 0.001 s  <<< FAILURE!
org.opentest4j.AssertionFailedError: expected: <true> but was: <false>
	at JocTest.testJugadaGuanyadoraJ2(JocTest.java:169)

testJugadaGuanyadoraJ2{short, short}[2]  Time elapsed: 0.001 s  <<< FAILURE!
org.opentest4j.AssertionFailedError: expected: <true> but was: <false>
	at JocTest.testJugadaGuanyadoraJ2(JocTest.java:169)

testJugadaGuanyadoraJ2{short, short}[3]  Time elapsed: 0.001 s  <<< FAILURE!
org.opentest4j.AssertionFailedError: expected: <true> but was: <false>
	at JocTest.testJugadaGuanyadoraJ2(JocTest.java:169)

testJugadaGuanyadoraJ2{short, short}[4]  Time elapsed: 0.002 s  <<< FAILURE!
org.opentest4j.AssertionFailedError: expected: <true> but was: <false>
	at JocTest.testJugadaGuanyadoraJ2(JocTest.java:169)

testJugadaGuanyadoraJ2{short, short}[5]  Time elapsed: 0.001 s  <<< FAILURE!
org.opentest4j.AssertionFailedError: expected: <true> but was: <false>
	at JocTest.testJugadaGuanyadoraJ2(JocTest.java:169)

testJugadaGuanyadoraJ2{short, short}[6]  Time elapsed: 0.001 s  <<< FAILURE!
org.opentest4j.AssertionFailedError: expected: <true> but was: <false>
	at JocTest.testJugadaGuanyadoraJ2(JocTest.java:169)

testJugadaGuanyadoraJ2{short, short}[7]  Time elapsed: 0 s  <<< FAILURE!
org.opentest4j.AssertionFailedError: expected: <true> but was: <false>
	at JocTest.testJugadaGuanyadoraJ2(JocTest.java:169)

testJugadaGuanyadoraJ2{short, short}[8]  Time elapsed: 0.001 s  <<< FAILURE!
org.opentest4j.AssertionFailedError: expected: <true> but was: <false>
	at JocTest.testJugadaGuanyadoraJ2(JocTest.java:169)

