<?xml version="1.0" encoding="UTF-8"?>
<testsuite xmlns:xsi="http://www.w3.org/2001/XMLSchema-instance" xsi:noNamespaceSchemaLocation="https://maven.apache.org/surefire/maven-surefire-plugin/xsd/surefire-test-report.xsd" name="JocTest" time="0.179" tests="38" errors="0" skipped="0" failures="16">
  <properties>
[...]
</properties>
  <testcase name="testTaulell" classname="JocTest" time="0.028"/>
  <testcase name="testJugadaGuanyadoraJ1{short, short}[1]" classname="JocTest" time="0.028">
    <failure message="expected: &lt;true&gt; but was: &lt;false&gt;" type="org.opentest4j.AssertionFailedError"><![CDATA[org.opentest4j.AssertionFailedError: expected: <true> but was: <false>
	at JocTest.testJugadaGuanyadoraJ1(JocTest.java:158)
]]></failure>
  </testcase>
  <testcase name="testJugadaGuanyadoraJ1{short, short}[2]" classname="JocTest" time="0.001">
    <failure message="expected: &lt;true&gt; but was: &lt;false&gt;" type="org.opentest4j.AssertionFailedError"><![CDATA[org.opentest4j.AssertionFailedError: expected: <true> but was: <false>
	at JocTest.testJugadaGuanyadoraJ1(JocTest.java:158)
]]></failure>
  </testcase>
  <testcase name="testJugadaGuanyadoraJ1{short, short}[3]" classname="JocTest" time="0.002">
    <failure message="expected: &lt;true&gt; but was: &lt;false&gt;" type="org.opentest4j.AssertionFailedError"><![CDATA[org.opentest4j.AssertionFailedError: expected: <true> but was: <false>
	at JocTest.testJugadaGuanyadoraJ1(JocTest.java:158)
]]></failure>
  </testcase>
  <testcase name="testJugadaGuanyadoraJ1{short, short}[4]" classname="JocTest" time="0.001">
    <failure message="expected: &lt;true&gt; but was: &lt;false&gt;" type="org.opentest4j.AssertionFailedError"><![CDATA[org.opentest4j.AssertionFailedError: expected: <true> but was: <false>
	at JocTest.testJugadaGuanyadoraJ1(JocTest.java:158)
]]></failure>
  </testcase>
  <testcase name="testJugadaGuanyadoraJ1{short, short}[5]" classname="JocTest" time="0.001">
    <failure message="expected: &lt;true&gt; but was: &lt;false&gt;" type="org.opentest4j.AssertionFailedError"><![CDATA[org.opentest4j.AssertionFailedError: expected: <true> but was: <false>
	at JocTest.testJugadaGuanyadoraJ1(JocTest.java:158)
]]></failure>
  </testcase>
  <testcase name="testJugadaGuanyadoraJ1{short, short}[6]" classname="JocTest" time="0.001">
    <failure message="expected: &lt;true&gt; but was: &lt;false&gt;" type="org.opentest4j.AssertionFailedError"><![CDATA[org.opentest4j.AssertionFailedError: expected: <true> but was: <false>
	at JocTest.testJugadaGuanyadoraJ1(JocTest.java:158)
]]></failure>
  </testcase>
  <testcase name="testJugadaGuanyadoraJ1{short, short}[7]" classname="JocTest" time="0.002">
    <failure message="expected: &lt;true&gt; but was: &lt;false&gt;" type="org.opentest4j.AssertionFailedError"><![CDATA[org.opentest4j.AssertionFailedError: expected: <true> but was: <false>
	at JocTest.testJugadaGuanyadoraJ1(JocTest.java:158)
]]></failure>
  </testcase>
  <testcase name="testJugadaGuanyadoraJ1{short, short}[8]" classname="JocTest" time="0">
    <failure message="expected: &lt;true&gt; but was: &lt;false&gt;" type="org.opentest4j.AssertionFailedError"><![CDATA[org.opentest4j.AssertionFailedError: expected: <true> but was: <false>
	at JocTest.testJugadaGuanyadoraJ1(JocTest.java:158)
]]></failure>
  </testcase>
  <testcase name="testJugadaGuanyadoraJ2{short, short}[1]" classname="JocTest" time="0.001">
    <failure message="expected: &lt;true&gt; but was: &lt;false&gt;" type="org.opentest4j.AssertionFailedError"><![CDATA[org.opentest4j.AssertionFailedError: expected: <true> but was: <false>
	at JocTest.testJugadaGuanyadoraJ2(JocTest.java:169)
]]></failure>
  </testcase>
  <testcase name="testJugadaGuanyadoraJ2{short, short}[2]" classname="JocTest" time="0.001">
    <failure message="expected: &lt;true&gt; but was: &lt;false&gt;" type="org.opentest4j.AssertionFailedError"><![CDATA[org.opentest4j.AssertionFailedError: expected: <true> but was: <false>
	at JocTest.testJugadaGuanyadoraJ2(JocTest.java:169)
]]></failure>
  </testcase>
  <testcase name="testJugadaGuanyadoraJ2{short, short}[3]" classname="JocTest" time="0.001">
    <failure message="expected: &lt;true&gt; but was: &lt;false&gt;" type="org.opentest4j.AssertionFailedError"><![CDATA[org.opentest4j.AssertionFailedError: expected: <true> but was: <false>
	at JocTest.testJugadaGuanyadoraJ2(JocTest.java:169)
]]></failure>
  </testcase>
  <testcase name="testJugadaGuanyadoraJ2{short, short}[4]" classname="JocTest" time="0.002">
    <failure message="expected: &lt;true&gt; but was: &lt;false&gt;" type="org.opentest4j.AssertionFailedError"><![CDATA[org.opentest4j.AssertionFailedError: expected: <true> but was: <false>
	at JocTest.testJugadaGuanyadoraJ2(JocTest.java:169)
]]></failure>
  </testcase>
  <testcase name="testJugadaGuanyadoraJ2{short, short}[5]" classname="JocTest" time="0.001">
    <failure message="expected: &lt;true&gt; but was: &lt;false&gt;" type="org.opentest4j.AssertionFailedError"><![CDATA[org.opentest4j.AssertionFailedError: expected: <true> but was: <false>
	at JocTest.testJugadaGuanyadoraJ2(JocTest.java:169)
]]></failure>
  </testcase>
  <testcase name="testJugadaGuanyadoraJ2{short, short}[6]" classname="JocTest" time="0.001">
    <failure message="expected: &lt;true&gt; but was: &lt;false&gt;" type="org.opentest4j.AssertionFailedError"><![CDATA[org.opentest4j.AssertionFailedError: expected: <true> but was: <false>
	at JocTest.testJugadaGuanyadoraJ2(JocTest.java:169)
]]></failure>
  </testcase>
  <testcase name="testJugadaGuanyadoraJ2{short, short}[7]" classname="JocTest" time="0">
    <failure message="expected: &lt;true&gt; but was: &lt;false&gt;" type="org.opentest4j.AssertionFailedError"><![CDATA[org.opentest4j.AssertionFailedError: expected: <true> but was: <false>
	at JocTest.testJugadaGuanyadoraJ2(JocTest.java:169)
]]></failure>
  </testcase>
  <testcase name="testJugadaGuanyadoraJ2{short, short}[8]" classname="JocTest" time="0.001">
    <failure message="expected: &lt;true&gt; but was: &lt;false&gt;" type="org.opentest4j.AssertionFailedError"><![CDATA[org.opentest4j.AssertionFailedError: expected: <true> but was: <false>
	at JocTest.testJugadaGuanyadoraJ2(JocTest.java:169)
]]></failure>
  </testcase>
  <testcase name="testJugar" classname="JocTest" time="0.001"/>
  <testcase name="testJugadaGuanyadoraUnaCasella{short, short}[1]" classname="JocTest" time="0.001"/>
  <testcase name="testJugadaGuanyadoraUnaCasella{short, short}[2]" classname="JocTest" time="0.001"/>
  <testcase name="testJugadaGuanyadoraUnaCasella{short, short}[3]" classname="JocTest" time="0.001"/>
  <testcase name="testJugadaGuanyadoraUnaCasella{short, short}[4]" classname="JocTest" time="0.001"/>
  <testcase name="testJugadaGuanyadoraUnaCasella{short, short}[5]" classname="JocTest" time="0.001"/>
  <testcase name="testJugadaGuanyadoraUnaCasella{short, short}[6]" classname="JocTest" time="0.001"/>
  <testcase name="testJugadaGuanyadoraUnaCasella{short, short}[7]" classname="JocTest" time="0"/>
  <testcase name="testJugadaGuanyadoraUnaCasella{short, short}[8]" classname="JocTest" time="0.001"/>
  <testcase name="testJugador1" classname="JocTest" time="0.001"/>
  <testcase name="testJugador2" classname="JocTest" time="0"/>
  <testcase name="testJugadaGuanyadora1{short, short}[1]" classname="JocTest" time="0.001"/>
  <testcase name="testJugadaGuanyadora1{short, short}[2]" classname="JocTest" time="0"/>
  <testcase name="testJugadaGuanyadora1{short, short}[3]" classname="JocTest" time="0"/>
  <testcase name="testJugadaGuanyadora1{short, short}[4]" classname="JocTest" time="0.001"/>
  <testcase name="testJugadaGuanyadora1{short, short}[5]" classname="JocTest" time="0.001"/>
  <testcase name="testJugadaGuanyadora1{short, short}[6]" classname="JocTest" time="0"/>
  <testcase name="testJugadaGuanyadora1{short, short}[7]" classname="JocTest" time="0.001"/>
  <testcase name="testJugadaGuanyadora1{short, short}[8]" classname="JocTest" time="0"/>
  <testcase name="testJugadaGuanyadora1{short, short}[9]" classname="JocTest" time="0.001"/>
  <testcase name="testTurnoJuagador" classname="JocTest" time="0.002"/>
</testsuite>